{
  "RSpec": {
    "coverage": {
      "/Users/daviskoh/dev/swaguru/app/models/photo.rb": [
        1,
        1,
        null,
        1,
        0,
        null,
        null
      ],
      "/Users/daviskoh/dev/swaguru/spec/models/user_spec.rb": [
        1,
        null,
        1,
        null,
        1,
        5,
        null,
        null,
        null,
        null,
        null,
        null,
        null,
        null,
        1,
        1,
        8,
        null,
        null,
        2,
        null,
        null
      ],
      "/Users/daviskoh/dev/swaguru/app/models/user.rb": [
        1,
        1,
        null,
        1,
        null,
        1,
        null,
        1,
        null,
        1,
        null,
        1,
        0,
        null,
        null
      ]
    },
    "timestamp": 1393458388
  }
}
